<?xml version="1.0" encoding="UTF-8" ?>
<testsuite errors="0" failures="0" hostname="bsm-vasilievg" name="com.allendowney.javacs.ListClientExampleTest" skipped="0" tests="1" time="0.127" timestamp="2020-09-03T14:22:58">
  <properties>
    <property name="java.vendor" value="Oracle Corporation" />
    <property name="env.IDEA_INITIAL_DIRECTORY" value="C:\Program Files\JetBrains\IntelliJ IDEA Community Edition 2019.3.1\bin" />
    <property name="sun.java.launcher" value="SUN_STANDARD" />
    <property name="sun.management.compiler" value="HotSpot 64-Bit Tiered Compilers" />
    <property name="env.PROMPT" value="$P$G" />
    <property name="os.name" value="Windows 7" />
    <property name="env.FP_NO_HOST_CHECK" value="NO" />
    <property name="env.COMPUTERNAME" value="BSM-VASILIEVG" />
    <property name="env.CommonProgramW6432" value="C:\Program Files\Common Files" />
    <property name="env.ALLUSERSPROFILE" value="C:\ProgramData" />
    <property name="sun.desktop" value="windows" />
    <property name="java.vm.specification.vendor" value="Oracle Corporation" />
    <property name="ant.home" value="C:\Program Files\apache-ant-1.10.8" />
    <property name="java.runtime.version" value="12.0.2+10" />
    <property name="env.HOMEPATH" value="\Users\g.vasiliev" />
    <property name="user.name" value="g.vasiliev" />
    <property name="user.language" value="ru" />
    <property name="env.windows_tracing_flags" value="3" />
    <property name="sun.boot.library.path" value="C:\Program Files\Java\jdk-12.0.2\bin" />
    <property name="ant.project.default-target" value="build" />
    <property name="ant.project.name" value="JavaCS" />
    <property name="java.vm.compressedOopsMode" value="32-bit" />
    <property name="java.version" value="12.0.2" />
    <property name="env.PROCESSOR_IDENTIFIER" value="Intel64 Family 6 Model 60 Stepping 3, GenuineIntel" />
    <property name="env.TEMP" value="C:\Users\GD56A~1.VAS\AppData\Local\Temp" />
    <property name="sun.arch.data.model" value="64" />
    <property name="env._JAVACMD" value="C:\Program Files\Java\jdk-12.0.2\bin\java.exe" />
    <property name="sun.cpu.isalist" value="amd64" />
    <property name="env.HOMEDRIVE" value="C:" />
    <property name="sun.jnu.encoding" value="Cp1252" />
    <property name="file.separator" value="\" />
    <property name="java.specification.name" value="Java Platform API Specification" />
    <property name="java.class.version" value="56.0" />
    <property name="user.country" value="RU" />
    <property name="ant.file.JavaCS" value="C:\Users\g.vasiliev\IdeaProjects\ThinkDataStructures\code\build.xml" />
    <property name="java.home" value="C:\Program Files\Java\jdk-12.0.2" />
    <property name="env.PSModulePath" value="C:\Windows\system32\WindowsPowerShell\v1.0\Modules\" />
    <property name="env.APPDATA" value="C:\Users\g.vasiliev\AppData\Roaming" />
    <property name="java.vm.info" value="mixed mode, sharing" />
    <property name="env.windows_tracing_logfile" value="C:\BVTBin\Tests\installpackage\csilogfile.log" />
    <property name="env.PUBLIC" value="C:\Users\Public" />
    <property name="env.ComSpec" value="C:\Windows\system32\cmd.exe" />
    <property name="env.OS" value="Windows_NT" />
    <property name="env.CommonProgramFiles" value="C:\Program Files\Common Files" />
    <property name="os.version" value="6.1" />
    <property name="ant.file" value="C:\Users\g.vasiliev\IdeaProjects\ThinkDataStructures\code\build.xml" />
    <property name="env.ProgramW6432" value="C:\Program Files" />
    <property name="env._USE_CLASSPATH" value="no" />
    <property name="env.=::" value="::\" />
    <property name="path.separator" value=";" />
    <property name="java.vm.version" value="12.0.2+10" />
    <property name="user.variant" value="" />
    <property name="env.USERPROFILE" value="C:\Users\g.vasiliev" />
    <property name="ant.library.dir" value="C:\Program Files\apache-ant-1.10.8\lib" />
    <property name="junit.output.dir" value="junit" />
    <property name="env.JAVA_HOME" value="C:\Program Files\Java\jdk-12.0.2" />
    <property name="env.TMP" value="C:\Users\GD56A~1.VAS\AppData\Local\Temp" />
    <property name="sun.io.unicode.encoding" value="UnicodeLittle" />
    <property name="awt.toolkit" value="sun.awt.windows.WToolkit" />
    <property name="sun.stdout.encoding" value="cp437" />
    <property name="user.script" value="" />
    <property name="target" value="1.7" />
    <property name="user.home" value="C:\Users\g.vasiliev" />
    <property name="env.ProgramData" value="C:\ProgramData" />
    <property name="env.ProgramFiles(x86)" value="C:\Program Files (x86)" />
    <property name="env.SESSIONNAME" value="Console" />
    <property name="java.version.date" value="2019-07-16" />
    <property name="env.IntelliJ IDEA Community Edition" value="C:\Program Files\JetBrains\IntelliJ IDEA Community Edition 2019.3.1\bin;" />
    <property name="java.specification.vendor" value="Oracle Corporation" />
    <property name="env.NUMBER_OF_PROCESSORS" value="4" />
    <property name="java.library.path" value="C:\Program Files\Java\jdk-12.0.2\bin;C:\Windows\Sun\Java\bin;C:\Windows\system32;C:\Windows;C:\Program Files (x86)\Intel\iCLS Client\;C:\Program Files\Intel\iCLS Client\;C:\Windows\system32;C:\Windows;C:\Windows\System32\Wbem;C:\Windows\System32\WindowsPowerShell\v1.0\;C:\Program Files\Intel\Intel(R) Management Engine Components\DAL;C:\Program Files\Intel\Intel(R) Management Engine Components\IPT;C:\Program Files (x86)\Intel\Intel(R) Management Engine Components\DAL;C:\Program Files (x86)\Intel\Intel(R) Management Engine Components\IPT;C:\Program Files\nodejs\;C:\Program Files\Git\cmd;C:\PostgreSQL\pg10\bin;C:\Program Files\Java\jdk-12.0.2\bin;C:\Program Files\apache-maven-3.6.3\bin;C:\Program Files\apache-ant-1.10.8\bin;C:\Program Files (x86)\Intel\iCLS Client\;C:\Program Files\Intel\iCLS Client\;C:\Windows\system32;C:\Windows;C:\Windows\System32\Wbem;C:\Windows\System32\WindowsPowerShell\v1.0\;C:\Program Files\Intel\Intel(R) Management Engine Components\DAL;C:\Program Files\Intel\Intel(R) Management Engine Components\IPT;C:\Program Files (x86)\Intel\Intel(R) Management Engine Components\DAL;C:\Program Files (x86)\Intel\Intel(R) Management Engine Components\IPT;C:\Program Files\nodejs\;C:\Program Files\Git\cmd;C:\PostgreSQL\pg10\bin;C:\Users\g.vasiliev\AppData\Local\Programs\Python\Python37-32\Scripts\;C:\Users\g.vasiliev\AppData\Local\Programs\Python\Python37-32\;C:\Users\g.vasiliev\AppData\Local\Programs\Python\Launcher\;C:\Users\g.vasiliev\AppData\Roaming\npm;C:\Users\g.vasiliev\nodejs\Tools\Microsoft VS Code\bin;C:\Aliases;c:\chromedriver;C:\Program Files\JetBrains\IntelliJ IDEA Community Edition 2019.3.1\bin;;." />
    <property name="java.vendor.url" value="https://java.oracle.com/" />
    <property name="env.USERDNSDOMAIN" value="BAM.LOC" />
    <property name="java.vm.vendor" value="Oracle Corporation" />
    <property name="java.runtime.name" value="Java(TM) SE Runtime Environment" />
    <property name="java.class.path" value="C:\Users\g.vasiliev\IdeaProjects\ThinkDataStructures\code\bin;C:\Users\g.vasiliev\IdeaProjects\ThinkDataStructures\code\lib\jedis-2.8.0.jar;C:\Users\g.vasiliev\IdeaProjects\ThinkDataStructures\code\lib\jsoup-1.8.3.jar;C:\Users\g.vasiliev\IdeaProjects\ThinkDataStructures\code\lib\junit-4.12.jar;C:\Users\g.vasiliev\IdeaProjects\ThinkDataStructures\code\lib\hamcrest-core-1.3.jar;C:\Users\g.vasiliev\IdeaProjects\ThinkDataStructures\code\lib\jcommon-1.0.23.jar;C:\Users\g.vasiliev\IdeaProjects\ThinkDataStructures\code\lib\jfreechart-1.0.19.jar;C:\Users\g.vasiliev\IdeaProjects\ThinkDataStructures\code\lib\servlet.jar;C:\Users\g.vasiliev\IdeaProjects\ThinkDataStructures\code\lib\ant-junit.jar;C:\Users\g.vasiliev\IdeaProjects\ThinkDataStructures\code\lib\commons-math3-3.6.jar;C:\Users\g.vasiliev\IdeaProjects\ThinkDataStructures\code\lib\hamcrest-library-1.3.jar;C:\Program Files\apache-ant-1.10.8\lib\ant-launcher.jar;C:\Program Files\apache-ant-1.10.8\lib\ant.jar;C:\Program Files\apache-ant-1.10.8\lib\ant-junit.jar;C:\Program Files\apache-ant-1.10.8\lib\ant-junit4.jar" />
    <property name="sun.java.command" value="org.apache.tools.ant.taskdefs.optional.junit.JUnitTestRunner com.allendowney.javacs.ListClientExampleTest skipNonTests=false filtertrace=true haltOnError=false haltOnFailure=false formatter=org.apache.tools.ant.taskdefs.optional.junit.OutErrSummaryJUnitResultFormatter showoutput=false outputtoformatters=true logfailedtests=true threadid=0 logtestlistenerevents=false formatter=org.apache.tools.ant.taskdefs.optional.junit.XMLJUnitResultFormatter,C:\Users\g.vasiliev\IdeaProjects\ThinkDataStructures\code\junit\TEST-com.allendowney.javacs.ListClientExampleTest.xml crashfile=C:\Users\g.vasiliev\IdeaProjects\ThinkDataStructures\code\junitvmwatcher9445879050458478957.properties propsfile=C:\Users\g.vasiliev\IdeaProjects\ThinkDataStructures\code\junit2859633492510036667.properties" />
    <property name="ant.version" value="Apache Ant(TM) version 1.10.8 compiled on May 10 2020" />
    <property name="jdk.debug" value="release" />
    <property name="ant.file.type.JavaCS" value="file" />
    <property name="java.vm.specification.name" value="Java Virtual Machine Specification" />
    <property name="ant.file.type" value="file" />
    <property name="env.windir" value="C:\Windows" />
    <property name="env.LOGONSERVER" value="\\UHQ-DC02" />
    <property name="java.vm.specification.version" value="12" />
    <property name="env.PROCESSOR_ARCHITECTURE" value="AMD64" />
    <property name="sun.cpu.endian" value="little" />
    <property name="sun.os.patch.level" value="Service Pack 1" />
    <property name="debuglevel" value="source,lines,vars" />
    <property name="env.ANT_HOME" value="C:\Program Files\apache-ant-1.10.8" />
    <property name="env.ProgramFiles" value="C:\Program Files" />
    <property name="env.PROCESSOR_REVISION" value="3c03" />
    <property name="java.io.tmpdir" value="C:\Users\GD56A~1.VAS\AppData\Local\Temp\" />
    <property name="env.CommonProgramFiles(x86)" value="C:\Program Files (x86)\Common Files" />
    <property name="java.vendor.url.bug" value="https://bugreport.java.com/bugreport/" />
    <property name="env.SystemRoot" value="C:\Windows" />
    <property name="env.__INTELLIJ_COMMAND_HISTFILE__" value="C:\Users\g.vasiliev\.IdeaIC2019.3\config\terminal\history\history-10" />
    <property name="os.arch" value="amd64" />
    <property name="java.awt.graphicsenv" value="sun.awt.Win32GraphicsEnvironment" />
    <property name="env.ANT_CMD_LINE_ARGS" value=" ListClientExampleTest" />
    <property name="user.dir" value="C:\Users\g.vasiliev\IdeaProjects\ThinkDataStructures\code" />
    <property name="env.LOCALAPPDATA" value="C:\Users\g.vasiliev\AppData\Local" />
    <property name="line.separator" value="&#xd;&#xa;" />
    <property name="java.vm.name" value="Java HotSpot(TM) 64-Bit Server VM" />
    <property name="env.PATHEXT" value=".COM;.EXE;.BAT;.CMD;.VBS;.VBE;.JS;.JSE;.WSF;.WSH;.MSC" />
    <property name="env.Path" value="C:\Program Files (x86)\Intel\iCLS Client\;C:\Program Files\Intel\iCLS Client\;C:\Windows\system32;C:\Windows;C:\Windows\System32\Wbem;C:\Windows\System32\WindowsPowerShell\v1.0\;C:\Program Files\Intel\Intel(R) Management Engine Components\DAL;C:\Program Files\Intel\Intel(R) Management Engine Components\IPT;C:\Program Files (x86)\Intel\Intel(R) Management Engine Components\DAL;C:\Program Files (x86)\Intel\Intel(R) Management Engine Components\IPT;C:\Program Files\nodejs\;C:\Program Files\Git\cmd;C:\PostgreSQL\pg10\bin;C:\Program Files\Java\jdk-12.0.2\bin;C:\Program Files\apache-maven-3.6.3\bin;C:\Program Files\apache-ant-1.10.8\bin;C:\Program Files (x86)\Intel\iCLS Client\;C:\Program Files\Intel\iCLS Client\;C:\Windows\system32;C:\Windows;C:\Windows\System32\Wbem;C:\Windows\System32\WindowsPowerShell\v1.0\;C:\Program Files\Intel\Intel(R) Management Engine Components\DAL;C:\Program Files\Intel\Intel(R) Management Engine Components\IPT;C:\Program Files (x86)\Intel\Intel(R) Management Engine Components\DAL;C:\Program Files (x86)\Intel\Intel(R) Management Engine Components\IPT;C:\Program Files\nodejs\;C:\Program Files\Git\cmd;C:\PostgreSQL\pg10\bin;C:\Users\g.vasiliev\AppData\Local\Programs\Python\Python37-32\Scripts\;C:\Users\g.vasiliev\AppData\Local\Programs\Python\Python37-32\;C:\Users\g.vasiliev\AppData\Local\Programs\Python\Launcher\;C:\Users\g.vasiliev\AppData\Roaming\npm;C:\Users\g.vasiliev\nodejs\Tools\Microsoft VS Code\bin;C:\Aliases;c:\chromedriver;C:\Program Files\JetBrains\IntelliJ IDEA Community Edition 2019.3.1\bin;" />
    <property name="basedir" value="C:\Users\g.vasiliev\IdeaProjects\ThinkDataStructures\code" />
    <property name="env.REDIS_STORE_URI" value="&quot;&quot;" />
    <property name="ant.java.version" value="12" />
    <property name="ant.core.lib" value="C:\Program Files\apache-ant-1.10.8\lib\ant.jar" />
    <property name="env.USERNAME" value="g.vasiliev" />
    <property name="env.TERMINAL_EMULATOR" value="JetBrains-JediTerm" />
    <property name="source" value="1.7" />
    <property name="env.SystemDrive" value="C:" />
    <property name="sun.stderr.encoding" value="cp437" />
    <property name="file.encoding" value="Cp1251" />
    <property name="env.USERDOMAIN" value="BAM" />
    <property name="java.specification.version" value="12" />
    <property name="env.=C:" value="C:\Users\g.vasiliev\IdeaProjects\ThinkDataStructures\code" />
    <property name="ant.project.invoked-targets" value="ListClientExampleTest" />
    <property name="env.PROCESSOR_LEVEL" value="6" />
  </properties>
  <testcase classname="com.allendowney.javacs.ListClientExampleTest" name="testListClientExample" time="0.007" />
  <system-out><![CDATA[]]></system-out>
  <system-err><![CDATA[]]></system-err>
</testsuite>
